<?xml version="1.0" encoding="UTF-8"?>
<testng-results skipped="0" failed="0" ignored="0" total="2" passed="2">
  <reporter-output>
  </reporter-output>
  <suite name="Default suite" duration-ms="54744" started-at="2019-12-13T19:07:37 CET" finished-at="2019-12-13T19:08:32 CET">
    <groups>
    </groups>
    <test name="Default test" duration-ms="54744" started-at="2019-12-13T19:07:37 CET" finished-at="2019-12-13T19:08:32 CET">
      <class name="tests.TravelsCustomerEditTest">
        <test-method status="PASS" signature="setup()[pri:0, instance:tests.TravelsCustomerEditTest@627551fb]" name="setup" is-config="true" duration-ms="3866" started-at="2019-12-13T19:07:38 CET" finished-at="2019-12-13T19:07:41 CET">
          <reporter-output>
          </reporter-output>
        </test-method> <!-- setup -->
        <test-method status="PASS" signature="logInForMainTest()[pri:0, instance:tests.TravelsCustomerEditTest@627551fb]" name="logInForMainTest" is-config="true" duration-ms="22383" started-at="2019-12-13T19:07:41 CET" depends-on-methods="tests.BasicTest.setup" finished-at="2019-12-13T19:08:04 CET">
          <reporter-output>
          </reporter-output>
        </test-method> <!-- logInForMainTest -->
        <test-method status="PASS" signature="editDetailsInCarExtras()[pri:5, instance:tests.TravelsCustomerEditTest@627551fb]" name="editDetailsInCarExtras" duration-ms="17255" started-at="2019-12-13T19:08:04 CET" finished-at="2019-12-13T19:08:21 CET">
          <reporter-output>
          </reporter-output>
        </test-method> <!-- editDetailsInCarExtras -->
        <test-method status="PASS" signature="isCustomerAdded()[pri:6, instance:tests.TravelsCustomerEditTest@627551fb]" name="isCustomerAdded" duration-ms="10741" started-at="2019-12-13T19:08:21 CET" finished-at="2019-12-13T19:08:32 CET">
          <reporter-output>
          </reporter-output>
        </test-method> <!-- isCustomerAdded -->
        <test-method status="PASS" signature="quit()[pri:0, instance:tests.TravelsCustomerEditTest@627551fb]" name="quit" is-config="true" duration-ms="412" started-at="2019-12-13T19:08:32 CET" finished-at="2019-12-13T19:08:32 CET">
          <reporter-output>
          </reporter-output>
        </test-method> <!-- quit -->
      </class> <!-- tests.TravelsCustomerEditTest -->
    </test> <!-- Default test -->
  </suite> <!-- Default suite -->
</testng-results>
